Reading D:/modelism/tcl/vsim/pref.tcl

# 10.4c

# do run_cpu_tests.do
# ./piplineCPU
# piplineCPU/pipelineCPU.srcs/sources_1/new/ADD.v piplineCPU/pipelineCPU.srcs/sources_1/new/ADD.v piplineCPU/pipelineCPU.srcs/sources_1/new/Asynchronous_D_FF.v piplineCPU/pipelineCPU.srcs/sources_1/new/Asynchronous_D_FF.v piplineCPU/pipelineCPU.srcs/sources_1/new/II.v piplineCPU/pipelineCPU.srcs/sources_1/new/II.v piplineCPU/pipelineCPU.srcs/sources_1/new/IMEM_top.v piplineCPU/pipelineCPU.srcs/sources_1/new/IMEM_top.v piplineCPU/pipelineCPU.srcs/sources_1/new/LLbit_reg.v piplineCPU/pipelineCPU.srcs/sources_1/new/LLbit_reg.v piplineCPU/pipelineCPU.srcs/sources_1/new/PipeDEreg.v piplineCPU/pipelineCPU.srcs/sources_1/new/PipeDEreg.v piplineCPU/pipelineCPU.srcs/sources_1/new/PipeEMreg.v piplineCPU/pipelineCPU.srcs/sources_1/new/PipeEMreg.v piplineCPU/pipelineCPU.srcs/sources_1/new/PipeEXE.v piplineCPU/pipelineCPU.srcs/sources_1/new/PipeEXE.v piplineCPU/pipelineCPU.srcs/sources_1/new/PipeID.v piplineCPU/pipelineCPU.srcs/sources_1/new/PipeID.v piplineCPU/pipelineCPU.srcs/sources_1/new/PipeIF.v piplineCPU/pipelineCPU.srcs/sources_1/new/PipeIF.v piplineCPU/pipelineCPU.srcs/sources_1/new/PipeIR.v piplineCPU/pipelineCPU.srcs/sources_1/new/PipeIR.v piplineCPU/pipelineCPU.srcs/sources_1/new/PipeMEM.v piplineCPU/pipelineCPU.srcs/sources_1/new/PipeMEM.v piplineCPU/pipelineCPU.srcs/sources_1/new/PipeMWreg.v piplineCPU/pipelineCPU.srcs/sources_1/new/PipeMWreg.v piplineCPU/pipelineCPU.srcs/sources_1/new/PipeWB.v piplineCPU/pipelineCPU.srcs/sources_1/new/PipeWB.v piplineCPU/pipelineCPU.srcs/sources_1/new/alu.v piplineCPU/pipelineCPU.srcs/sources_1/new/alu.v piplineCPU/pipelineCPU.srcs/sources_1/new/clo.v piplineCPU/pipelineCPU.srcs/sources_1/new/clo.v piplineCPU/pipelineCPU.srcs/sources_1/new/clz.v piplineCPU/pipelineCPU.srcs/sources_1/new/clz.v piplineCPU/pipelineCPU.srcs/sources_1/new/complement.v piplineCPU/pipelineCPU.srcs/sources_1/new/complement.v piplineCPU/pipelineCPU.srcs/sources_1/new/cp0.v piplineCPU/pipelineCPU.srcs/sources_1/new/cp0.v piplineCPU/pipelineCPU.srcs/sources_1/new/cpmem.v 
# piplineCPU/pipelineCPU.srcs/sources_1/new/cpmem.v piplineCPU/pipelineCPU.srcs/sources_1/new/cpu.v piplineCPU/pipelineCPU.srcs/sources_1/new/cpu.v piplineCPU/pipelineCPU.srcs/sources_1/new/cu.v piplineCPU/pipelineCPU.srcs/sources_1/new/cu.v piplineCPU/pipelineCPU.srcs/sources_1/new/decoder.v piplineCPU/pipelineCPU.srcs/sources_1/new/decoder.v piplineCPU/pipelineCPU.srcs/sources_1/new/direct.v piplineCPU/pipelineCPU.srcs/sources_1/new/direct.v piplineCPU/pipelineCPU.srcs/sources_1/new/div.v piplineCPU/pipelineCPU.srcs/sources_1/new/div.v piplineCPU/pipelineCPU.srcs/sources_1/new/divider.v piplineCPU/pipelineCPU.srcs/sources_1/new/divider.v piplineCPU/pipelineCPU.srcs/sources_1/new/extend.v piplineCPU/pipelineCPU.srcs/sources_1/new/extend.v piplineCPU/pipelineCPU.srcs/sources_1/new/hi_lo_function.v piplineCPU/pipelineCPU.srcs/sources_1/new/hi_lo_function.v piplineCPU/pipelineCPU.srcs/sources_1/new/memory.v piplineCPU/pipelineCPU.srcs/sources_1/new/memory.v piplineCPU/pipelineCPU.srcs/sources_1/new/mult.v piplineCPU/pipelineCPU.srcs/sources_1/new/mult.v piplineCPU/pipelineCPU.srcs/sources_1/new/mux.v piplineCPU/pipelineCPU.srcs/sources_1/new/mux.v piplineCPU/pipelineCPU.srcs/sources_1/new/npc.v piplineCPU/pipelineCPU.srcs/sources_1/new/npc.v piplineCPU/pipelineCPU.srcs/sources_1/new/pcreg.v piplineCPU/pipelineCPU.srcs/sources_1/new/pcreg.v piplineCPU/pipelineCPU.srcs/sources_1/new/predictor.v piplineCPU/pipelineCPU.srcs/sources_1/new/predictor.v piplineCPU/pipelineCPU.srcs/sources_1/new/regfile.v piplineCPU/pipelineCPU.srcs/sources_1/new/regfile.v piplineCPU/pipelineCPU.srcs/sources_1/new/sccomp_dataflow.v piplineCPU/pipelineCPU.srcs/sources_1/new/sccomp_dataflow.v piplineCPU/pipelineCPU.srcs/sources_1/new/seg7x16.v piplineCPU/pipelineCPU.srcs/sources_1/new/seg7x16.v piplineCPU/pipelineCPU.srcs/sources_1/new/top.v piplineCPU/pipelineCPU.srcs/sources_1/new/top.v
# ./piplineCPU/pipelineCPU.srcs/sim_1/new/cpu_tb.v
# ./test_scripts/testdata
# ./test_scripts/results
# ./piplineCPU/pipelineCPU.srcs/sources_1/new/IMEM_top.v
# 20
# test
# 0
# test_scripts/testdata/101_swlwbnebeq.hex.txt test_scripts/testdata/102_regconflict.hex.txt test_scripts/testdata/103_regconflict_detected_2.hex.txt test_scripts/testdata/104_pizza_tower_test.hex.txt test_scripts/testdata/10_and.hex.txt test_scripts/testdata/11_beq.hex.txt test_scripts/testdata/12_bne.hex.txt test_scripts/testdata/13_j.hex.txt test_scripts/testdata/14_jal.hex.txt test_scripts/testdata/15_jr.hex.txt test_scripts/testdata/16.26_lwsw.hex.txt test_scripts/testdata/16.26_lwsw2.hex.txt test_scripts/testdata/17_xor.hex.txt test_scripts/testdata/18_nor.hex.txt test_scripts/testdata/19_or.hex.txt test_scripts/testdata/1_addi.hex.txt test_scripts/testdata/20_sll.hex.txt test_scripts/testdata/21_sllv.hex.txt test_scripts/testdata/22_sltu.hex.txt test_scripts/testdata/23_sra.hex.txt test_scripts/testdata/24_srl.hex.txt test_scripts/testdata/25_subu.hex.txt test_scripts/testdata/27_add.hex.txt test_scripts/testdata/28_sub.hex.txt test_scripts/testdata/29_slt.hex.txt test_scripts/testdata/2_addiu.hex.txt test_scripts/testdata/30_srlv.hex.txt test_scripts/testdata/31_srav.hex.txt test_scripts/testdata/32_clz.hex.txt test_scripts/testdata/33_divu.hex.txt test_scripts/testdata/35_jalr.hex.txt test_scripts/testdata/36.39_lbsb.hex.txt test_scripts/testdata/36.39_lbsb2.hex.txt test_scripts/testdata/37_lbu.hex.txt test_scripts/testdata/37_lbu2.hex.txt test_scripts/testdata/38_lhu.hex.txt test_scripts/testdata/38_lhu2.hex.txt test_scripts/testdata/3_andi.hex.txt test_scripts/testdata/40.41_lhsh.hex.txt test_scripts/testdata/40.41_lhsh2.hex.txt test_scripts/testdata/42.45_mfc0mtc0.hex.txt test_scripts/testdata/43.46_mfhi.mthi.hex.txt test_scripts/testdata/44.47_mflo.mtlo.hex.txt test_scripts/testdata/48_mult.hex.txt test_scripts/testdata/49_multu.hex.txt test_scripts/testdata/4_ori.hex.txt test_scripts/testdata/52_bgez.hex.txt test_scripts/testdata/54_div.hex.txt test_scripts/testdata/55_cp0.hex.txt test_scripts/testdata/5_sltiu.hex.txt test_scripts/testdata/6_lui.hex.txt test_scripts/testdata/7_xori.hex.txt 
# test_scripts/testdata/8_slti.hex.txt test_scripts/testdata/9_addu.hex.txt
Found 54 test files to run:
  - test_scripts/testdata/101_swlwbnebeq.hex.txt
  - test_scripts/testdata/102_regconflict.hex.txt
  - test_scripts/testdata/103_regconflict_detected_2.hex.txt
  - test_scripts/testdata/104_pizza_tower_test.hex.txt
  - test_scripts/testdata/10_and.hex.txt
  - test_scripts/testdata/11_beq.hex.txt
  - test_scripts/testdata/12_bne.hex.txt
  - test_scripts/testdata/13_j.hex.txt
  - test_scripts/testdata/14_jal.hex.txt
  - test_scripts/testdata/15_jr.hex.txt
  - test_scripts/testdata/16.26_lwsw.hex.txt
  - test_scripts/testdata/16.26_lwsw2.hex.txt
  - test_scripts/testdata/17_xor.hex.txt
  - test_scripts/testdata/18_nor.hex.txt
  - test_scripts/testdata/19_or.hex.txt
  - test_scripts/testdata/1_addi.hex.txt
  - test_scripts/testdata/20_sll.hex.txt
  - test_scripts/testdata/21_sllv.hex.txt
  - test_scripts/testdata/22_sltu.hex.txt
  - test_scripts/testdata/23_sra.hex.txt
  - test_scripts/testdata/24_srl.hex.txt
  - test_scripts/testdata/25_subu.hex.txt
  - test_scripts/testdata/27_add.hex.txt
  - test_scripts/testdata/28_sub.hex.txt
  - test_scripts/testdata/29_slt.hex.txt
  - test_scripts/testdata/2_addiu.hex.txt
  - test_scripts/testdata/30_srlv.hex.txt
  - test_scripts/testdata/31_srav.hex.txt
  - test_scripts/testdata/32_clz.hex.txt
  - test_scripts/testdata/33_divu.hex.txt
  - test_scripts/testdata/35_jalr.hex.txt
  - test_scripts/testdata/36.39_lbsb.hex.txt
  - test_scripts/testdata/36.39_lbsb2.hex.txt
  - test_scripts/testdata/37_lbu.hex.txt
  - test_scripts/testdata/37_lbu2.hex.txt
  - test_scripts/testdata/38_lhu.hex.txt
  - test_scripts/testdata/38_lhu2.hex.txt
  - test_scripts/testdata/3_andi.hex.txt
  - test_scripts/testdata/40.41_lhsh.hex.txt
  - test_scripts/testdata/40.41_lhsh2.hex.txt
  - test_scripts/testdata/42.45_mfc0mtc0.hex.txt
  - test_scripts/testdata/43.46_mfhi.mthi.hex.txt
  - test_scripts/testdata/44.47_mflo.mtlo.hex.txt
  - test_scripts/testdata/48_mult.hex.txt
  - test_scripts/testdata/49_multu.hex.txt
  - test_scripts/testdata/4_ori.hex.txt
  - test_scripts/testdata/52_bgez.hex.txt
  - test_scripts/testdata/54_div.hex.txt
  - test_scripts/testdata/55_cp0.hex.txt
  - test_scripts/testdata/5_sltiu.hex.txt
  - test_scripts/testdata/6_lui.hex.txt
  - test_scripts/testdata/7_xori.hex.txt
  - test_scripts/testdata/8_slti.hex.txt
  - test_scripts/testdata/9_addu.hex.txt

# 54
# 0
Starting batch simulation for 54 tests...

-----------------------------
RUNNING TEST: test_scripts/testdata/101_swlwbnebeq.hex.txt
-----------------------------
# vsim -quiet work.test 
# Start time: 18:52:31 on Apr 01,2026
# //  ModelSim PE 10.4c Jul 20 2015 
# //
# //  Copyright 1991-2015 Mentor Graphics Corporation
# //  All Rights Reserved.
# //
# //  THIS WORK CONTAINS TRADE SECRET AND PROPRIETARY INFORMATION
# //  WHICH IS THE PROPERTY OF MENTOR GRAPHICS CORPORATION OR ITS
# //  LICENSORS AND IS SUBJECT TO LICENSE TERMS.
# //  THIS DOCUMENT CONTAINS TRADE SECRETS AND COMMERCIAL OR FINANCIAL
# //  INFORMATION THAT ARE PRIVILEGED, CONFIDENTIAL, AND EXEMPT FROM
# //  DISCLOSURE UNDER THE FREEDOM OF INFORMATION ACT, 5 U.S.C. SECTION 552.
# //  FURTHERMORE, THIS INFORMATION IS PROHIBITED FROM DISCLOSURE UNDER
# //  THE TRADE SECRETS ACT, 18 U.S.C. SECTION 1905.
# //
# ** Warning: (vsim-3017) piplineCPU/pipelineCPU.srcs/sources_1/new/PipeID.v(205): [TFMPC] - Too few port connections. Expected 42, found 9.
#    Time: 0 ps  Iteration: 0  Instance: /test/uut/sccpu/ID/REGFILE File: piplineCPU/pipelineCPU.srcs/sources_1/new/regfile.v
# ** Warning: (vsim-3722) piplineCPU/pipelineCPU.srcs/sources_1/new/PipeID.v(205): [TFMPC] - Missing connection for port 'rd'.
# ** Warning: (vsim-3722) piplineCPU/pipelineCPU.srcs/sources_1/new/PipeID.v(205): [TFMPC] - Missing connection for port 'regfile0'.
# ** Warning: (vsim-3722) piplineCPU/pipelineCPU.srcs/sources_1/new/PipeID.v(205): [TFMPC] - Missing connection for port 'regfile1'.
# ** Warning: (vsim-3722) piplineCPU/pipelineCPU.srcs/sources_1/new/PipeID.v(205): [TFMPC] - Missing connection for port 'regfile2'.
# ** Warning: (vsim-3722) piplineCPU/pipelineCPU.srcs/sources_1/new/PipeID.v(205): [TFMPC] - Missing connection for port 'regfile3'.
# ** Warning: (vsim-3722) piplineCPU/pipelineCPU.srcs/sources_1/new/PipeID.v(205): [TFMPC] - Missing connection for port 'regfile4'.
# ** Warning: (vsim-3722) piplineCPU/pipelineCPU.srcs/sources_1/new/PipeID.v(205): [TFMPC] - Missing connection for port 'regfile5'.
# ** Warning: (vsim-3722) piplineCPU/pipelineCPU.srcs/sources_1/new/PipeID.v(205): [TFMPC] - Missing connection for port 'regfile6'.
# ** Warning: (vsim-3722) piplineCPU/pipelineCPU.srcs/sources_1/new/PipeID.v(205): [TFMPC] - Missing connection for port 'regfile7'.
# ** Warning: (vsim-3722) piplineCPU/pipelineCPU.srcs/sources_1/new/PipeID.v(205): [TFMPC] - Missing connection for port 'regfile8'.
# ** Warning: (vsim-3722) piplineCPU/pipelineCPU.srcs/sources_1/new/PipeID.v(205): [TFMPC] - Missing connection for port 'regfile9'.
# ** Warning: (vsim-3722) piplineCPU/pipelineCPU.srcs/sources_1/new/PipeID.v(205): [TFMPC] - Missing connection for port 'regfile10'.
# ** Warning: (vsim-3722) piplineCPU/pipelineCPU.srcs/sources_1/new/PipeID.v(205): [TFMPC] - Missing connection for port 'regfile11'.
# ** Warning: (vsim-3722) piplineCPU/pipelineCPU.srcs/sources_1/new/PipeID.v(205): [TFMPC] - Missing connection for port 'regfile12'.
# ** Warning: (vsim-3722) piplineCPU/pipelineCPU.srcs/sources_1/new/PipeID.v(205): [TFMPC] - Missing connection for port 'regfile13'.
# ** Warning: (vsim-3722) piplineCPU/pipelineCPU.srcs/sources_1/new/PipeID.v(205): [TFMPC] - Missing connection for port 'regfile14'.
# ** Warning: (vsim-3722) piplineCPU/pipelineCPU.srcs/sources_1/new/PipeID.v(205): [TFMPC] - Missing connection for port 'regfile15'.
# ** Warning: (vsim-3722) piplineCPU/pipelineCPU.srcs/sources_1/new/PipeID.v(205): [TFMPC] - Missing connection for port 'regfile16'.
# ** Warning: (vsim-3722) piplineCPU/pipelineCPU.srcs/sources_1/new/PipeID.v(205): [TFMPC] - Missing connection for port 'regfile17'.
# ** Warning: (vsim-3722) piplineCPU/pipelineCPU.srcs/sources_1/new/PipeID.v(205): [TFMPC] - Missing connection for port 'regfile18'.
# ** Warning: (vsim-3722) piplineCPU/pipelineCPU.srcs/sources_1/new/PipeID.v(205): [TFMPC] - Missing connection for port 'regfile19'.
# ** Warning: (vsim-3722) piplineCPU/pipelineCPU.srcs/sources_1/new/PipeID.v(205): [TFMPC] - Missing connection for port 'regfile20'.
# ** Warning: (vsim-3722) piplineCPU/pipelineCPU.srcs/sources_1/new/PipeID.v(205): [TFMPC] - Missing connection for port 'regfile21'.
# ** Warning: (vsim-3722) piplineCPU/pipelineCPU.srcs/sources_1/new/PipeID.v(205): [TFMPC] - Missing connection for port 'regfile22'.
# ** Warning: (vsim-3722) piplineCPU/pipelineCPU.srcs/sources_1/new/PipeID.v(205): [TFMPC] - Missing connection for port 'regfile23'.
# ** Warning: (vsim-3722) piplineCPU/pipelineCPU.srcs/sources_1/new/PipeID.v(205): [TFMPC] - Missing connection for port 'regfile24'.
# ** Warning: (vsim-3722) piplineCPU/pipelineCPU.srcs/sources_1/new/PipeID.v(205): [TFMPC] - Missing connection for port 'regfile25'.
# ** Warning: (vsim-3722) piplineCPU/pipelineCPU.srcs/sources_1/new/PipeID.v(205): [TFMPC] - Missing connection for port 'regfile26'.
# ** Warning: (vsim-3722) piplineCPU/pipelineCPU.srcs/sources_1/new/PipeID.v(205): [TFMPC] - Missing connection for port 'regfile27'.
# ** Warning: (vsim-3722) piplineCPU/pipelineCPU.srcs/sources_1/new/PipeID.v(205): [TFMPC] - Missing connection for port 'regfile28'.
# ** Warning: (vsim-3722) piplineCPU/pipelineCPU.srcs/sources_1/new/PipeID.v(205): [TFMPC] - Missing connection for port 'regfile29'.
# ** Warning: (vsim-3722) piplineCPU/pipelineCPU.srcs/sources_1/new/PipeID.v(205): [TFMPC] - Missing connection for port 'regfile30'.
# ** Warning: (vsim-3722) piplineCPU/pipelineCPU.srcs/sources_1/new/PipeID.v(205): [TFMPC] - Missing connection for port 'regfile31'.
# ** Warning: (vsim-3017) piplineCPU/pipelineCPU.srcs/sources_1/new/PipeEXE.v(84): [TFMPC] - Too few port connections. Expected 5, found 4.
#    Time: 0 ps  Iteration: 0  Instance: /test/uut/sccpu/EXE/DIV File: piplineCPU/pipelineCPU.srcs/sources_1/new/div.v
# ** Warning: (vsim-3722) piplineCPU/pipelineCPU.srcs/sources_1/new/PipeEXE.v(84): [TFMPC] - Missing connection for port 'valid'.
# ** Warning: (vsim-3017) piplineCPU/pipelineCPU.srcs/sources_1/new/PipeEXE.v(90): [TFMPC] - Too few port connections. Expected 5, found 4.
#    Time: 0 ps  Iteration: 0  Instance: /test/uut/sccpu/EXE/DIVU File: piplineCPU/pipelineCPU.srcs/sources_1/new/div.v
# ** Warning: (vsim-3722) piplineCPU/pipelineCPU.srcs/sources_1/new/PipeEXE.v(90): [TFMPC] - Missing connection for port 'valid'.
# ** Warning: (vsim-3015) piplineCPU/pipelineCPU.srcs/sources_1/new/sccomp_dataflow.v(40): [PCDPC] - Port size (11) does not match connection size (12) for port 'a'. The port definition is at: ./piplineCPU/pipelineCPU.srcs/sources_1/new/IMEM_top.v(7).
#    Time: 0 ps  Iteration: 0  Instance: /test/uut/IMEM File: ./piplineCPU/pipelineCPU.srcs/sources_1/new/IMEM_top.v
# ** Note: $stop    : ./piplineCPU/pipelineCPU.srcs/sim_1/new/cpu_tb.v(92)
#    Time: 2900 ps  Iteration: 1  Instance: /test
# Break in Module test at ./piplineCPU/pipelineCPU.srcs/sim_1/new/cpu_tb.v line 92
# Stopped at ./piplineCPU/pipelineCPU.srcs/sim_1/new/cpu_tb.v line 92
Saved simulation result to: ./test_scripts/results/101_swlwbnebeq_sim_result.txt
Standard test result copied to: ./test_scripts/results/101_swlwbnebeq_std_result.txt
RESULT: FAIL - test_scripts/testdata/101_swlwbnebeq.hex.txt
Comparison output:
==================================================================================
比较结果输出：
================================================================================
第[2 / 2]行 - 第[0]个字符开始有差异：
        ----------
        0         
        0123456789
        ----------
文件1 : 00000000<CR>
文件2 : 201e1001<CR>
文件1(HEX) : 
00000000 : 30 30 30 30 30 30 30 30                            00000000
文件2(HEX) : 
00000000 : 32 30 31 65 31 30 30 31                            201e1001

第[3 / 3]行 - 第[2]个字符开始有差异：
        ----------
        0         
        0123456789
        ----------
文件1 : 00000000<CR>
文件2 : 001ef400<CR>
文件1(HEX) : 
00000000 : 30 30 30 30 30 30 30 30                            00000000
文件2(HEX) : 
00000000 : 30 30 31 65 66 34 30 30                            001ef400

第[4 / 4]行 - 第[0]个字符开始有差异：
        ----------
        0         
        0123456789
        ----------
文件1 : 00000000<CR>
文件2 : 20010001<CR>
文件1(HEX) : 
00000000 : 30 30 30 30 30 30 30 30                            00000000
文件2(HEX) : 
00000000 : 32 30 30 31 30 30 30 31                            20010001

第[5 / 5]行 - 第[0]个字符开始有差异：
        ----------
        0         
        0123456789
        ----------
文件1 : 00000000<CR>
文件2 : 20020002<CR>
文件1(HEX) : 
00000000 : 30 30 30 30 30 30 30 30                            00000000
文件2(HEX) : 
00000000 : 32 30 30 32 30 30 30 32                            20020002

第[6 / 6]行 - 第[0]个字符开始有差异：
        ----------
        0         
        0123456789
        ----------
文件1 : 00000000<CR>
文件2 : 20030004<CR>
文件1(HEX) : 
00000000 : 30 30 30 30 30 30 30 30                            00000000
文件2(HEX) : 
00000000 : 32 30 30 33 30 30 30 34                            20030004

第[7 / 7]行 - 第[0]个字符开始有差异：
        ----------
        0         
        0123456789
        ----------
文件1 : 00000000<CR>
文件2 : 20040004<CR>
文件1(HEX) : 
00000000 : 30 30 30 30 30 30 30 30                            00000000
文件2(HEX) : 
00000000 : 32 30 30 34 30 30 30 34                            20040004

第[8 / 8]行 - 第[0]个字符开始有差异：
        ----------
        0         
        0123456789
        ----------
文件1 : 00000000<CR>
文件2 : afc10000<CR>
文件1(HEX) : 
00000000 : 30 30 30 30 30 30 30 30                            00000000
文件2(HEX) : 
00000000 : 61 66 63 31 30 30 30 30                            afc10000

第[9 / 9]行 - 第[0]个字符开始有差异：
        ----------
        0         
        0123456789
        ----------
文件1 : 00000000<CR>
文件2 : afc20004<CR>
文件1(HEX) : 
00000000 : 30 30 30 30 30 30 30 30                            00000000
文件2(HEX) : 
00000000 : 61 66 63 32 30 30 30 34                            afc20004

第[10 / 10]行 - 第[0]个字符开始有差异：
        ----------
        0         
        0123456789
        ----------
文件1 : 00000000<CR>
文件2 : afc30008<CR>
文件1(HEX) : 
00000000 : 30 30 30 30 30 30 30 30                            00000000
文件2(HEX) : 
00000000 : 61 66 63 33 30 30 30 38                            afc30008

第[11 / 11]行 - 第[0]个字符开始有差异：
        ----------
        0         
        0123456789
        ----------
文件1 : 00000000<CR>
文件2 : afc4000c<CR>
文件1(HEX) : 
00000000 : 30 30 30 30 30 30 30 30                            00000000
文件2(HEX) : 
00000000 : 61 66 63 34 30 30 30 63                            afc4000c

第[12 / 12]行 - 第[0]个字符开始有差异：
        ----------
        0         
        0123456789
        ----------
文件1 : 00000000<CR>
文件2 : 8fc50000<CR>
文件1(HEX) : 
00000000 : 30 30 30 30 30 30 30 30                            00000000
文件2(HEX) : 
00000000 : 38 66 63 35 30 30 30 30                            8fc50000

第[13 / 13]行 - 第[0]个字符开始有差异：
        ----------
        0         
        0123456789
        ----------
文件1 : 00000000<CR>
文件2 : 8fc60004<CR>
文件1(HEX) : 
00000000 : 30 30 30 30 30 30 30 30                            00000000
文件2(HEX) : 
00000000 : 38 66 63 36 30 30 30 34                            8fc60004

第[14 / 14]行 - 第[0]个字符开始有差异：
        ----------
        0         
        0123456789
        ----------
文件1 : 00000000<CR>
文件2 : 14a60003<CR>
文件1(HEX) : 
00000000 : 30 30 30 30 30 30 30 30                            00000000
文件2(HEX) : 
00000000 : 31 34 61 36 30 30 30 33                            14a60003

第[15 / 15]行 - 第[0]个字符开始有差异：
        ----------
        0         
        0123456789
        ----------
文件1 : 00000000<CR>
文件2 : 10000000<CR>
文件1(HEX) : 
00000000 : 30 30 30 30 30 30 30 30                            00000000
文件2(HEX) : 
00000000 : 31 30 30 30 30 30 30 30                            10000000

第[16 / 16]行 - 第[0]个字符开始有差异：
        ----------
        0         
        0123456789
        ----------
文件1 : 00000000<CR>
文件2 : 201f0001<CR>
文件1(HEX) : 
00000000 : 30 30 30 30 30 30 30 30                            00000000
文件2(HEX) : 
00000000 : 32 30 31 66 30 30 30 31                            201f0001

第[17 / 17]行 - 第[0]个字符开始有差异：
        ----------
        0         
        0123456789
        ----------
文件1 : 00000000<CR>
文件2 : ffffffff<CR>
文件1(HEX) : 
00000000 : 30 30 30 30 30 30 30 30                            00000000
文件2(HEX) : 
00000000 : 66 66 66 66 66 66 66 66                            ffffffff

第[18 / 18]行 - 第[0]个字符开始有差异：
        ----------
        0         
        0123456789
        ----------
文件1 : 00000000<CR>
文件2 : 8fc70008<CR>
文件1(HEX) : 
00000000 : 30 30 30 30 30 30 30 30                            00000000
文件2(HEX) : 
00000000 : 38 66 63 37 30 30 30 38                            8fc70008

第[19 / 19]行 - 第[0]个字符开始有差异：
        ----------
        0         
        0123456789
        ----------
文件1 : 00000000<CR>
文件2 : 8fc8000c<CR>
文件1(HEX) : 
00000000 : 30 30 30 30 30 30 30 30                            00000000
文件2(HEX) : 
00000000 : 38 66 63 38 30 30 30 63                            8fc8000c

第[20 / 20]行 - 第[0]个字符开始有差异：
        ----------
        0         
        0123456789
        ----------
文件1 : 00000000<CR>
文件2 : 10e80001<CR>
文件1(HEX) : 
00000000 : 30 30 30 30 30 30 30 30                            00000000
文件2(HEX) : 
00000000 : 31 30 65 38 30 30 30 31                            10e80001

第[21 / 21]行 - 第[0]个字符开始有差异：
        ----------
        0         
        0123456789
        ----------
文件1 : 00000000<CR>
文件2 : 1400fffa<CR>
文件1(HEX) : 
00000000 : 30 30 30 30 30 30 30 30                            00000000
文件2(HEX) : 
00000000 : 31 34 30 30 66 66 66 61                            1400fffa

第[22 / 22]行 - 第[0]个字符开始有差异：
        ----------
        0         
        0123456789
        ----------
文件1 : 00000000<CR>
文件2 : 201f0002<CR>
文件1(HEX) : 
00000000 : 30 30 30 30 30 30 30 30                            00000000
文件2(HEX) : 
00000000 : 32 30 31 66 30 30 30 32                            201f0002

第[23 / 23]行 - 第[0]个字符开始有差异：
        ----------
        0         
        0123456789
        ----------
文件1 : 00000000<CR>
文件2 : ffffffff<EOF>
文件1(HEX) : 
00000000 : 30 30 30 30 30 30 30 30                            00000000
文件2(HEX) : 
00000000 : 66 66 66 66 66 66 66 66                            ffffffff

================================================================================
在指定检查条件下共22行有差异.
阅读提示：
	1、空行用<EMPTY>标出
	2、文件结束用<EOF>标出
	3、两行相同列位置的差异字符用亮色标出
	4、每行中的CR/LF/VT/BS/BEL用X标出(方便看清隐含字符)
	5、每行尾的多余的字符用亮色标出，CR/LF/VT/BS/BEL用亮色X标出(方便看清隐含字符)
	6、每行最后用<CR>标出(方便看清隐含字符)
	7、中文因为编码问题，差异位置可能报在后半个汉字上，但整个汉字都亮色标出
================================================================================

==================================================================================

-----------------------------
RUNNING TEST: test_scripts/testdata/102_regconflict.hex.txt
-----------------------------
# End time: 18:52:39 on Apr 01,2026, Elapsed time: 0:00:08
# Errors: 0, Warnings: 39
# vsim -quiet work.test 
# Start time: 18:52:39 on Apr 01,2026
# ** Warning: (vsim-3017) piplineCPU/pipelineCPU.srcs/sources_1/new/PipeID.v(205): [TFMPC] - Too few port connections. Expected 42, found 9.
#    Time: 0 ps  Iteration: 0  Instance: /test/uut/sccpu/ID/REGFILE File: piplineCPU/pipelineCPU.srcs/sources_1/new/regfile.v
# ** Warning: (vsim-3722) piplineCPU/pipelineCPU.srcs/sources_1/new/PipeID.v(205): [TFMPC] - Missing connection for port 'rd'.
# ** Warning: (vsim-3722) piplineCPU/pipelineCPU.srcs/sources_1/new/PipeID.v(205): [TFMPC] - Missing connection for port 'regfile0'.
# ** Warning: (vsim-3722) piplineCPU/pipelineCPU.srcs/sources_1/new/PipeID.v(205): [TFMPC] - Missing connection for port 'regfile1'.
# ** Warning: (vsim-3722) piplineCPU/pipelineCPU.srcs/sources_1/new/PipeID.v(205): [TFMPC] - Missing connection for port 'regfile2'.
# ** Warning: (vsim-3722) piplineCPU/pipelineCPU.srcs/sources_1/new/PipeID.v(205): [TFMPC] - Missing connection for port 'regfile3'.
# ** Warning: (vsim-3722) piplineCPU/pipelineCPU.srcs/sources_1/new/PipeID.v(205): [TFMPC] - Missing connection for port 'regfile4'.
# ** Warning: (vsim-3722) piplineCPU/pipelineCPU.srcs/sources_1/new/PipeID.v(205): [TFMPC] - Missing connection for port 'regfile5'.
# ** Warning: (vsim-3722) piplineCPU/pipelineCPU.srcs/sources_1/new/PipeID.v(205): [TFMPC] - Missing connection for port 'regfile6'.
# ** Warning: (vsim-3722) piplineCPU/pipelineCPU.srcs/sources_1/new/PipeID.v(205): [TFMPC] - Missing connection for port 'regfile7'.
# ** Warning: (vsim-3722) piplineCPU/pipelineCPU.srcs/sources_1/new/PipeID.v(205): [TFMPC] - Missing connection for port 'regfile8'.
# ** Warning: (vsim-3722) piplineCPU/pipelineCPU.srcs/sources_1/new/PipeID.v(205): [TFMPC] - Missing connection for port 'regfile9'.
# ** Warning: (vsim-3722) piplineCPU/pipelineCPU.srcs/sources_1/new/PipeID.v(205): [TFMPC] - Missing connection for port 'regfile10'.
# ** Warning: (vsim-3722) piplineCPU/pipelineCPU.srcs/sources_1/new/PipeID.v(205): [TFMPC] - Missing connection for port 'regfile11'.
# ** Warning: (vsim-3722) piplineCPU/pipelineCPU.srcs/sources_1/new/PipeID.v(205): [TFMPC] - Missing connection for port 'regfile12'.
# ** Warning: (vsim-3722) piplineCPU/pipelineCPU.srcs/sources_1/new/PipeID.v(205): [TFMPC] - Missing connection for port 'regfile13'.
# ** Warning: (vsim-3722) piplineCPU/pipelineCPU.srcs/sources_1/new/PipeID.v(205): [TFMPC] - Missing connection for port 'regfile14'.
# ** Warning: (vsim-3722) piplineCPU/pipelineCPU.srcs/sources_1/new/PipeID.v(205): [TFMPC] - Missing connection for port 'regfile15'.
# ** Warning: (vsim-3722) piplineCPU/pipelineCPU.srcs/sources_1/new/PipeID.v(205): [TFMPC] - Missing connection for port 'regfile16'.
# ** Warning: (vsim-3722) piplineCPU/pipelineCPU.srcs/sources_1/new/PipeID.v(205): [TFMPC] - Missing connection for port 'regfile17'.
# ** Warning: (vsim-3722) piplineCPU/pipelineCPU.srcs/sources_1/new/PipeID.v(205): [TFMPC] - Missing connection for port 'regfile18'.
# ** Warning: (vsim-3722) piplineCPU/pipelineCPU.srcs/sources_1/new/PipeID.v(205): [TFMPC] - Missing connection for port 'regfile19'.
# ** Warning: (vsim-3722) piplineCPU/pipelineCPU.srcs/sources_1/new/PipeID.v(205): [TFMPC] - Missing connection for port 'regfile20'.
# ** Warning: (vsim-3722) piplineCPU/pipelineCPU.srcs/sources_1/new/PipeID.v(205): [TFMPC] - Missing connection for port 'regfile21'.
# ** Warning: (vsim-3722) piplineCPU/pipelineCPU.srcs/sources_1/new/PipeID.v(205): [TFMPC] - Missing connection for port 'regfile22'.
# ** Warning: (vsim-3722) piplineCPU/pipelineCPU.srcs/sources_1/new/PipeID.v(205): [TFMPC] - Missing connection for port 'regfile23'.
# ** Warning: (vsim-3722) piplineCPU/pipelineCPU.srcs/sources_1/new/PipeID.v(205): [TFMPC] - Missing connection for port 'regfile24'.
# ** Warning: (vsim-3722) piplineCPU/pipelineCPU.srcs/sources_1/new/PipeID.v(205): [TFMPC] - Missing connection for port 'regfile25'.
# ** Warning: (vsim-3722) piplineCPU/pipelineCPU.srcs/sources_1/new/PipeID.v(205): [TFMPC] - Missing connection for port 'regfile26'.
# ** Warning: (vsim-3722) piplineCPU/pipelineCPU.srcs/sources_1/new/PipeID.v(205): [TFMPC] - Missing connection for port 'regfile27'.
# ** Warning: (vsim-3722) piplineCPU/pipelineCPU.srcs/sources_1/new/PipeID.v(205): [TFMPC] - Missing connection for port 'regfile28'.
# ** Warning: (vsim-3722) piplineCPU/pipelineCPU.srcs/sources_1/new/PipeID.v(205): [TFMPC] - Missing connection for port 'regfile29'.
# ** Warning: (vsim-3722) piplineCPU/pipelineCPU.srcs/sources_1/new/PipeID.v(205): [TFMPC] - Missing connection for port 'regfile30'.
# ** Warning: (vsim-3722) piplineCPU/pipelineCPU.srcs/sources_1/new/PipeID.v(205): [TFMPC] - Missing connection for port 'regfile31'.
# ** Warning: (vsim-3017) piplineCPU/pipelineCPU.srcs/sources_1/new/PipeEXE.v(84): [TFMPC] - Too few port connections. Expected 5, found 4.
#    Time: 0 ps  Iteration: 0  Instance: /test/uut/sccpu/EXE/DIV File: piplineCPU/pipelineCPU.srcs/sources_1/new/div.v
# ** Warning: (vsim-3722) piplineCPU/pipelineCPU.srcs/sources_1/new/PipeEXE.v(84): [TFMPC] - Missing connection for port 'valid'.
# ** Warning: (vsim-3017) piplineCPU/pipelineCPU.srcs/sources_1/new/PipeEXE.v(90): [TFMPC] - Too few port connections. Expected 5, found 4.
#    Time: 0 ps  Iteration: 0  Instance: /test/uut/sccpu/EXE/DIVU File: piplineCPU/pipelineCPU.srcs/sources_1/new/div.v
# ** Warning: (vsim-3722) piplineCPU/pipelineCPU.srcs/sources_1/new/PipeEXE.v(90): [TFMPC] - Missing connection for port 'valid'.
# ** Warning: (vsim-3015) piplineCPU/pipelineCPU.srcs/sources_1/new/sccomp_dataflow.v(40): [PCDPC] - Port size (11) does not match connection size (12) for port 'a'. The port definition is at: ./piplineCPU/pipelineCPU.srcs/sources_1/new/IMEM_top.v(7).
#    Time: 0 ps  Iteration: 0  Instance: /test/uut/IMEM File: ./piplineCPU/pipelineCPU.srcs/sources_1/new/IMEM_top.v
# ** Note: $stop    : ./piplineCPU/pipelineCPU.srcs/sim_1/new/cpu_tb.v(92)
#    Time: 7500 ps  Iteration: 1  Instance: /test
# Break in Module test at ./piplineCPU/pipelineCPU.srcs/sim_1/new/cpu_tb.v line 92
# Stopped at ./piplineCPU/pipelineCPU.srcs/sim_1/new/cpu_tb.v line 92
Saved simulation result to: ./test_scripts/results/102_regconflict_sim_result.txt
Standard test result copied to: ./test_scripts/results/102_regconflict_std_result.txt
RESULT: FAIL - test_scripts/testdata/102_regconflict.hex.txt
Comparison output:
==================================================================================
比较结果输出：
================================================================================
第[2 / 2]行 - 第[0]个字符开始有差异：
        ----------
        0         
        0123456789
        ----------
文件1 : 00000000<CR>
文件2 : 20010001<CR>
文件1(HEX) : 
00000000 : 30 30 30 30 30 30 30 30                            00000000
文件2(HEX) : 
00000000 : 32 30 30 31 30 30 30 31                            20010001

第[3 / 3]行 - 第[0]个字符开始有差异：
        ----------
        0         
        0123456789
        ----------
文件1 : 00000000<CR>
文件2 : 20020002<CR>
文件1(HEX) : 
00000000 : 30 30 30 30 30 30 30 30                            00000000
文件2(HEX) : 
00000000 : 32 30 30 32 30 30 30 32                            20020002

第[4 / 4]行 - 第[0]个字符开始有差异：
        ----------
        0         
        0123456789
        ----------
文件1 : 00000000<CR>
文件2 : 20030003<CR>
文件1(HEX) : 
00000000 : 30 30 30 30 30 30 30 30                            00000000
文件2(HEX) : 
00000000 : 32 30 30 33 30 30 30 33                            20030003

第[5 / 5]行 - 第[0]个字符开始有差异：
        ----------
        0         
        0123456789
        ----------
文件1 : 00000000<CR>
文件2 : 20040004<CR>
文件1(HEX) : 
00000000 : 30 30 30 30 30 30 30 30                            00000000
文件2(HEX) : 
00000000 : 32 30 30 34 30 30 30 34                            20040004

第[6 / 6]行 - 第[0]个字符开始有差异：
        ----------
        0         
        0123456789
        ----------
文件1 : 00000000<CR>
文件2 : 20050005<CR>
文件1(HEX) : 
00000000 : 30 30 30 30 30 30 30 30                            00000000
文件2(HEX) : 
00000000 : 32 30 30 35 30 30 30 35                            20050005

第[7 / 7]行 - 第[0]个字符开始有差异：
        ----------
        0         
        0123456789
        ----------
文件1 : 00000000<CR>
文件2 : 20060006<CR>
文件1(HEX) : 
00000000 : 30 30 30 30 30 30 30 30                            00000000
文件2(HEX) : 
00000000 : 32 30 30 36 30 30 30 36                            20060006

第[8 / 8]行 - 第[0]个字符开始有差异：
        ----------
        0         
        0123456789
        ----------
文件1 : 00000000<CR>
文件2 : 20070007<CR>
文件1(HEX) : 
00000000 : 30 30 30 30 30 30 30 30                            00000000
文件2(HEX) : 
00000000 : 32 30 30 37 30 30 30 37                            20070007

第[9 / 9]行 - 第[0]个字符开始有差异：
        ----------
        0         
        0123456789
        ----------
文件1 : 00000000<CR>
文件2 : 20080008<CR>
文件1(HEX) : 
00000000 : 30 30 30 30 30 30 30 30                            00000000
文件2(HEX) : 
00000000 : 32 30 30 38 30 30 30 38                            20080008

第[10 / 10]行 - 第[0]个字符开始有差异：
        ----------
        0         
        0123456789
        ----------
文件1 : 00000000<CR>
文件2 : 20090009<CR>
文件1(HEX) : 
00000000 : 30 30 30 30 30 30 30 30                            00000000
文件2(HEX) : 
00000000 : 32 30 30 39 30 30 30 39                            20090009

第[11 / 11]行 - 第[0]个字符开始有差异：
        ----------
        0         
        0123456789
        ----------
文件1 : 00000000<CR>
文件2 : 200a000a<CR>
文件1(HEX) : 
00000000 : 30 30 30 30 30 30 30 30                            00000000
文件2(HEX) : 
00000000 : 32 30 30 61 30 30 30 61                            200a000a

第[12 / 12]行 - 第[0]个字符开始有差异：
        ----------
        0         
        0123456789
        ----------
文件1 : 00000000<CR>
文件2 : 200b000b<CR>
文件1(HEX) : 
00000000 : 30 30 30 30 30 30 30 30                            00000000
文件2(HEX) : 
00000000 : 32 30 30 62 30 30 30 62                            200b000b

第[13 / 13]行 - 第[0]个字符开始有差异：
        ----------
        0         
        0123456789
        ----------
文件1 : 00000000<CR>
文件2 : 200c000c<CR>
文件1(HEX) : 
00000000 : 30 30 30 30 30 30 30 30                            00000000
文件2(HEX) : 
00000000 : 32 30 30 63 30 30 30 63                            200c000c

第[14 / 14]行 - 第[0]个字符开始有差异：
        ----------
        0         
        0123456789
        ----------
文件1 : 00000000<CR>
文件2 : 200d000d<CR>
文件1(HEX) : 
00000000 : 30 30 30 30 30 30 30 30                            00000000
文件2(HEX) : 
00000000 : 32 30 30 64 30 30 30 64                            200d000d

第[15 / 15]行 - 第[0]个字符开始有差异：
        ----------
        0         
        0123456789
        ----------
文件1 : 00000000<CR>
文件2 : 200e000e<CR>
文件1(HEX) : 
00000000 : 30 30 30 30 30 30 30 30                            00000000
文件2(HEX) : 
00000000 : 32 30 30 65 30 30 30 65                            200e000e

第[16 / 16]行 - 第[0]个字符开始有差异：
        ----------
        0         
        0123456789
        ----------
文件1 : 00000000<CR>
文件2 : 200f000f<CR>
文件1(HEX) : 
00000000 : 30 30 30 30 30 30 30 30                            00000000
文件2(HEX) : 
00000000 : 32 30 30 66 30 30 30 66                            200f000f

第[17 / 17]行 - 第[0]个字符开始有差异：
        ----------
        0         
        0123456789
        ----------
文件1 : 00000000<CR>
文件2 : 20100010<CR>
文件1(HEX) : 
00000000 : 30 30 30 30 30 30 30 30                            00000000
文件2(HEX) : 
00000000 : 32 30 31 30 30 30 31 30                            20100010

第[18 / 18]行 - 第[0]个字符开始有差异：
        ----------
        0         
        0123456789
        ----------
文件1 : 00000000<CR>
文件2 : 20110011<CR>
文件1(HEX) : 
00000000 : 30 30 30 30 30 30 30 30                            00000000
文件2(HEX) : 
00000000 : 32 30 31 31 30 30 31 31                            20110011

第[19 / 19]行 - 第[0]个字符开始有差异：
        ----------
        0         
        0123456789
        ----------
文件1 : 00000000<CR>
文件2 : 20120012<CR>
文件1(HEX) : 
00000000 : 30 30 30 30 30 30 30 30                            00000000
文件2(HEX) : 
00000000 : 32 30 31 32 30 30 31 32                            20120012

第[20 / 20]行 - 第[0]个字符开始有差异：
        ----------
        0         
        0123456789
        ----------
文件1 : 00000000<CR>
文件2 : 20130013<CR>
文件1(HEX) : 
00000000 : 30 30 30 30 30 30 30 30                            00000000
文件2(HEX) : 
00000000 : 32 30 31 33 30 30 31 33                            20130013

第[21 / 21]行 - 第[0]个字符开始有差异：
        ----------
        0         
        0123456789
        ----------
文件1 : 00000000<CR>
文件2 : 20140014<CR>
文件1(HEX) : 
00000000 : 30 30 30 30 30 30 30 30                            00000000
文件2(HEX) : 
00000000 : 32 30 31 34 30 30 31 34                            20140014

第[22 / 22]行 - 第[0]个字符开始有差异：
        ----------
        0         
        0123456789
        ----------
文件1 : 00000000<CR>
文件2 : 20150015<CR>
文件1(HEX) : 
00000000 : 30 30 30 30 30 30 30 30                            00000000
文件2(HEX) : 
00000000 : 32 30 31 35 30 30 31 35                            20150015

第[23 / 23]行 - 第[0]个字符开始有差异：
        ----------
        0         
        0123456789
        ----------
文件1 : 00000000<CR>
文件2 : 20160016<CR>
文件1(HEX) : 
00000000 : 30 30 30 30 30 30 30 30                            00000000
文件2(HEX) : 
00000000 : 32 30 31 36 30 30 31 36                            20160016

第[24 / 24]行 - 第[0]个字符开始有差异：
        ----------
        0         
        0123456789
        ----------
文件1 : 00000000<CR>
文件2 : 20170017<CR>
文件1(HEX) : 
00000000 : 30 30 30 30 30 30 30 30                            00000000
文件2(HEX) : 
00000000 : 32 30 31 37 30 30 31 37                            20170017

第[25 / 25]行 - 第[0]个字符开始有差异：
        ----------
        0         
        0123456789
        ----------
文件1 : 00000000<CR>
文件2 : 20180018<CR>
文件1(HEX) : 
00000000 : 30 30 30 30 30 30 30 30                            00000000
文件2(HEX) : 
00000000 : 32 30 31 38 30 30 31 38                            20180018

第[26 / 26]行 - 第[0]个字符开始有差异：
        ----------
        0         
        0123456789
        ----------
文件1 : 00000000<CR>
文件2 : 20190019<CR>
文件1(HEX) : 
00000000 : 30 30 30 30 30 30 30 30                            00000000
文件2(HEX) : 
00000000 : 32 30 31 39 30 30 31 39                            20190019

第[27 / 27]行 - 第[0]个字符开始有差异：
        ----------
        0         
        0123456789
        ----------
文件1 : 00000000<CR>
文件2 : 201a001a<CR>
文件1(HEX) : 
00000000 : 30 30 30 30 30 30 30 30                            00000000
文件2(HEX) : 
00000000 : 32 30 31 61 30 30 31 61                            201a001a

第[28 / 28]行 - 第[0]个字符开始有差异：
        ----------
        0         
        0123456789
        ----------
文件1 : 00000000<CR>
文件2 : 201b001b<CR>
文件1(HEX) : 
00000000 : 30 30 30 30 30 30 30 30                            00000000
文件2(HEX) : 
00000000 : 32 30 31 62 30 30 31 62                            201b001b

第[29 / 29]行 - 第[0]个字符开始有差异：
        ----------
        0         
        0123456789
        ----------
文件1 : 00000000<CR>
文件2 : 201c001c<CR>
文件1(HEX) : 
00000000 : 30 30 30 30 30 30 30 30                            00000000
文件2(HEX) : 
00000000 : 32 30 31 63 30 30 31 63                            201c001c

第[30 / 30]行 - 第[0]个字符开始有差异：
        ----------
        0         
        0123456789
        ----------
文件1 : 00000000<CR>
文件2 : 201d001d<CR>
文件1(HEX) : 
00000000 : 30 30 30 30 30 30 30 30                            00000000
文件2(HEX) : 
00000000 : 32 30 31 64 30 30 31 64                            201d001d

第[31 / 31]行 - 第[0]个字符开始有差异：
        ----------
        0         
        0123456789
        ----------
文件1 : 00000000<CR>
文件2 : 201e001e<CR>
文件1(HEX) : 
00000000 : 30 30 30 30 30 30 30 30                            00000000
文件2(HEX) : 
00000000 : 32 30 31 65 30 30 31 65                            201e001e

第[32 / 32]行 - 第[0]个字符开始有差异：
        ----------
        0         
        0123456789
        ----------
文件1 : 00000000<CR>
文件2 : 201f001f<CR>
文件1(HEX) : 
00000000 : 30 30 30 30 30 30 30 30                            00000000
文件2(HEX) : 
00000000 : 32 30 31 66 30 30 31 66                            201f001f

第[33 / 33]行 - 文件2的尾部有多余字符：
        ----------
        0         
        0123456789
        ----------
文件1 : <EOF>
文件2 : 00221020<CR>
文件1(HEX) : 
<EOF>
文件2(HEX) : 
00000000 : 30 30 32 32 31 30 32 30                            00221020

================================================================================
在指定检查条件下共32行有差异.
阅读提示：
	1、空行用<EMPTY>标出
	2、文件结束用<EOF>标出
	3、两行相同列位置的差异字符用亮色标出
	4、每行中的CR/LF/VT/BS/BEL用X标出(方便看清隐含字符)
	5、每行尾的多余的字符用亮色标出，CR/LF/VT/BS/BEL用亮色X标出(方便看清隐含字符)
	6、每行最后用<CR>标出(方便看清隐含字符)
	7、中文因为编码问题，差异位置可能报在后半个汉字上，但整个汉字都亮色标出
================================================================================

==================================================================================

-----------------------------
RUNNING TEST: test_scripts/testdata/103_regconflict_detected_2.hex.txt
-----------------------------
# End time: 18:52:47 on Apr 01,2026, Elapsed time: 0:00:08
# Errors: 0, Warnings: 39
# vsim -quiet work.test 
# Start time: 18:52:47 on Apr 01,2026
# ** Warning: (vsim-3017) piplineCPU/pipelineCPU.srcs/sources_1/new/PipeID.v(205): [TFMPC] - Too few port connections. Expected 42, found 9.
#    Time: 0 ps  Iteration: 0  Instance: /test/uut/sccpu/ID/REGFILE File: piplineCPU/pipelineCPU.srcs/sources_1/new/regfile.v
# ** Warning: (vsim-3722) piplineCPU/pipelineCPU.srcs/sources_1/new/PipeID.v(205): [TFMPC] - Missing connection for port 'rd'.
# ** Warning: (vsim-3722) piplineCPU/pipelineCPU.srcs/sources_1/new/PipeID.v(205): [TFMPC] - Missing connection for port 'regfile0'.
# ** Warning: (vsim-3722) piplineCPU/pipelineCPU.srcs/sources_1/new/PipeID.v(205): [TFMPC] - Missing connection for port 'regfile1'.
# ** Warning: (vsim-3722) piplineCPU/pipelineCPU.srcs/sources_1/new/PipeID.v(205): [TFMPC] - Missing connection for port 'regfile2'.
# ** Warning: (vsim-3722) piplineCPU/pipelineCPU.srcs/sources_1/new/PipeID.v(205): [TFMPC] - Missing connection for port 'regfile3'.
# ** Warning: (vsim-3722) piplineCPU/pipelineCPU.srcs/sources_1/new/PipeID.v(205): [TFMPC] - Missing connection for port 'regfile4'.
# ** Warning: (vsim-3722) piplineCPU/pipelineCPU.srcs/sources_1/new/PipeID.v(205): [TFMPC] - Missing connection for port 'regfile5'.
# ** Warning: (vsim-3722) piplineCPU/pipelineCPU.srcs/sources_1/new/PipeID.v(205): [TFMPC] - Missing connection for port 'regfile6'.
# ** Warning: (vsim-3722) piplineCPU/pipelineCPU.srcs/sources_1/new/PipeID.v(205): [TFMPC] - Missing connection for port 'regfile7'.
# ** Warning: (vsim-3722) piplineCPU/pipelineCPU.srcs/sources_1/new/PipeID.v(205): [TFMPC] - Missing connection for port 'regfile8'.
# ** Warning: (vsim-3722) piplineCPU/pipelineCPU.srcs/sources_1/new/PipeID.v(205): [TFMPC] - Missing connection for port 'regfile9'.
# ** Warning: (vsim-3722) piplineCPU/pipelineCPU.srcs/sources_1/new/PipeID.v(205): [TFMPC] - Missing connection for port 'regfile10'.
# ** Warning: (vsim-3722) piplineCPU/pipelineCPU.srcs/sources_1/new/PipeID.v(205): [TFMPC] - Missing connection for port 'regfile11'.
# ** Warning: (vsim-3722) piplineCPU/pipelineCPU.srcs/sources_1/new/PipeID.v(205): [TFMPC] - Missing connection for port 'regfile12'.
# ** Warning: (vsim-3722) piplineCPU/pipelineCPU.srcs/sources_1/new/PipeID.v(205): [TFMPC] - Missing connection for port 'regfile13'.
# ** Warning: (vsim-3722) piplineCPU/pipelineCPU.srcs/sources_1/new/PipeID.v(205): [TFMPC] - Missing connection for port 'regfile14'.
# ** Warning: (vsim-3722) piplineCPU/pipelineCPU.srcs/sources_1/new/PipeID.v(205): [TFMPC] - Missing connection for port 'regfile15'.
# ** Warning: (vsim-3722) piplineCPU/pipelineCPU.srcs/sources_1/new/PipeID.v(205): [TFMPC] - Missing connection for port 'regfile16'.
# ** Warning: (vsim-3722) piplineCPU/pipelineCPU.srcs/sources_1/new/PipeID.v(205): [TFMPC] - Missing connection for port 'regfile17'.
# ** Warning: (vsim-3722) piplineCPU/pipelineCPU.srcs/sources_1/new/PipeID.v(205): [TFMPC] - Missing connection for port 'regfile18'.
# ** Warning: (vsim-3722) piplineCPU/pipelineCPU.srcs/sources_1/new/PipeID.v(205): [TFMPC] - Missing connection for port 'regfile19'.
# ** Warning: (vsim-3722) piplineCPU/pipelineCPU.srcs/sources_1/new/PipeID.v(205): [TFMPC] - Missing connection for port 'regfile20'.
# ** Warning: (vsim-3722) piplineCPU/pipelineCPU.srcs/sources_1/new/PipeID.v(205): [TFMPC] - Missing connection for port 'regfile21'.
# ** Warning: (vsim-3722) piplineCPU/pipelineCPU.srcs/sources_1/new/PipeID.v(205): [TFMPC] - Missing connection for port 'regfile22'.
# ** Warning: (vsim-3722) piplineCPU/pipelineCPU.srcs/sources_1/new/PipeID.v(205): [TFMPC] - Missing connection for port 'regfile23'.
# ** Warning: (vsim-3722) piplineCPU/pipelineCPU.srcs/sources_1/new/PipeID.v(205): [TFMPC] - Missing connection for port 'regfile24'.
# ** Warning: (vsim-3722) piplineCPU/pipelineCPU.srcs/sources_1/new/PipeID.v(205): [TFMPC] - Missing connection for port 'regfile25'.
# ** Warning: (vsim-3722) piplineCPU/pipelineCPU.srcs/sources_1/new/PipeID.v(205): [TFMPC] - Missing connection for port 'regfile26'.
# ** Warning: (vsim-3722) piplineCPU/pipelineCPU.srcs/sources_1/new/PipeID.v(205): [TFMPC] - Missing connection for port 'regfile27'.
# ** Warning: (vsim-3722) piplineCPU/pipelineCPU.srcs/sources_1/new/PipeID.v(205): [TFMPC] - Missing connection for port 'regfile28'.
# ** Warning: (vsim-3722) piplineCPU/pipelineCPU.srcs/sources_1/new/PipeID.v(205): [TFMPC] - Missing connection for port 'regfile29'.
# ** Warning: (vsim-3722) piplineCPU/pipelineCPU.srcs/sources_1/new/PipeID.v(205): [TFMPC] - Missing connection for port 'regfile30'.
# ** Warning: (vsim-3722) piplineCPU/pipelineCPU.srcs/sources_1/new/PipeID.v(205): [TFMPC] - Missing connection for port 'regfile31'.
# ** Warning: (vsim-3017) piplineCPU/pipelineCPU.srcs/sources_1/new/PipeEXE.v(84): [TFMPC] - Too few port connections. Expected 5, found 4.
#    Time: 0 ps  Iteration: 0  Instance: /test/uut/sccpu/EXE/DIV File: piplineCPU/pipelineCPU.srcs/sources_1/new/div.v
# ** Warning: (vsim-3722) piplineCPU/pipelineCPU.srcs/sources_1/new/PipeEXE.v(84): [TFMPC] - Missing connection for port 'valid'.
# ** Warning: (vsim-3017) piplineCPU/pipelineCPU.srcs/sources_1/new/PipeEXE.v(90): [TFMPC] - Too few port connections. Expected 5, found 4.
#    Time: 0 ps  Iteration: 0  Instance: /test/uut/sccpu/EXE/DIVU File: piplineCPU/pipelineCPU.srcs/sources_1/new/div.v
# ** Warning: (vsim-3722) piplineCPU/pipelineCPU.srcs/sources_1/new/PipeEXE.v(90): [TFMPC] - Missing connection for port 'valid'.
# ** Warning: (vsim-3015) piplineCPU/pipelineCPU.srcs/sources_1/new/sccomp_dataflow.v(40): [PCDPC] - Port size (11) does not match connection size (12) for port 'a'. The port definition is at: ./piplineCPU/pipelineCPU.srcs/sources_1/new/IMEM_top.v(7).
#    Time: 0 ps  Iteration: 0  Instance: /test/uut/IMEM File: ./piplineCPU/pipelineCPU.srcs/sources_1/new/IMEM_top.v
# ** Note: $stop    : ./piplineCPU/pipelineCPU.srcs/sim_1/new/cpu_tb.v(92)
#    Time: 2900 ps  Iteration: 1  Instance: /test
# Break in Module test at ./piplineCPU/pipelineCPU.srcs/sim_1/new/cpu_tb.v line 92
# Stopped at ./piplineCPU/pipelineCPU.srcs/sim_1/new/cpu_tb.v line 92
Saved simulation result to: ./test_scripts/results/103_regconflict_detected_2_sim_result.txt
Standard test result copied to: ./test_scripts/results/103_regconflict_detected_2_std_result.txt
RESULT: FAIL - test_scripts/testdata/103_regconflict_detected_2.hex.txt
Comparison output:
==================================================================================
比较结果输出：
================================================================================
第[2 / 2]行 - 第[0]个字符开始有差异：
        ----------
        0         
        0123456789
        ----------
文件1 : 00000000<CR>
文件2 : 201e1001<CR>
文件1(HEX) : 
00000000 : 30 30 30 30 30 30 30 30                            00000000
文件2(HEX) : 
00000000 : 32 30 31 65 31 30 30 31                            201e1001

第[3 / 3]行 - 第[2]个字符开始有差异：
        ----------
        0         
        0123456789
        ----------
文件1 : 00000000<CR>
文件2 : 001ef400<CR>
文件1(HEX) : 
00000000 : 30 30 30 30 30 30 30 30                            00000000
文件2(HEX) : 
00000000 : 30 30 31 65 66 34 30 30                            001ef400

第[4 / 4]行 - 第[0]个字符开始有差异：
        ----------
        0         
        0123456789
        ----------
文件1 : 00000000<CR>
文件2 : 20010001<CR>
文件1(HEX) : 
00000000 : 30 30 30 30 30 30 30 30                            00000000
文件2(HEX) : 
00000000 : 32 30 30 31 30 30 30 31                            20010001

第[5 / 5]行 - 第[0]个字符开始有差异：
        ----------
        0         
        0123456789
        ----------
文件1 : 00000000<CR>
文件2 : 20020002<CR>
文件1(HEX) : 
00000000 : 30 30 30 30 30 30 30 30                            00000000
文件2(HEX) : 
00000000 : 32 30 30 32 30 30 30 32                            20020002

第[6 / 6]行 - 第[0]个字符开始有差异：
        ----------
        0         
        0123456789
        ----------
文件1 : 00000000<CR>
文件2 : 20030004<CR>
文件1(HEX) : 
00000000 : 30 30 30 30 30 30 30 30                            00000000
文件2(HEX) : 
00000000 : 32 30 30 33 30 30 30 34                            20030004

第[7 / 7]行 - 第[0]个字符开始有差异：
        ----------
        0         
        0123456789
        ----------
文件1 : 00000000<CR>
文件2 : 20040004<CR>
文件1(HEX) : 
00000000 : 30 30 30 30 30 30 30 30                            00000000
文件2(HEX) : 
00000000 : 32 30 30 34 30 30 30 34                            20040004

第[8 / 8]行 - 第[0]个字符开始有差异：
        ----------
        0         
        0123456789
        ----------
文件1 : 00000000<CR>
文件2 : afc10000<CR>
文件1(HEX) : 
00000000 : 30 30 30 30 30 30 30 30                            00000000
文件2(HEX) : 
00000000 : 61 66 63 31 30 30 30 30                            afc10000

第[9 / 9]行 - 第[0]个字符开始有差异：
        ----------
        0         
        0123456789
        ----------
文件1 : 00000000<CR>
文件2 : afc20004<CR>
文件1(HEX) : 
00000000 : 30 30 30 30 30 30 30 30                            00000000
文件2(HEX) : 
00000000 : 61 66 63 32 30 30 30 34                            afc20004

第[10 / 10]行 - 第[0]个字符开始有差异：
        ----------
        0         
        0123456789
        ----------
文件1 : 00000000<CR>
文件2 : afc30008<CR>
文件1(HEX) : 
00000000 : 30 30 30 30 30 30 30 30                            00000000
文件2(HEX) : 
00000000 : 61 66 63 33 30 30 30 38                            afc30008

第[11 / 11]行 - 第[0]个字符开始有差异：
        ----------
        0         
        0123456789
        ----------
文件1 : 00000000<CR>
文件2 : afc4000c<CR>
文件1(HEX) : 
00000000 : 30 30 30 30 30 30 30 30                            00000000
文件2(HEX) : 
00000000 : 61 66 63 34 30 30 30 63                            afc4000c

第[12 / 12]行 - 第[0]个字符开始有差异：
        ----------
        0         
        0123456789
        ----------
文件1 : 00000000<CR>
文件2 : 8fc50000<CR>
文件1(HEX) : 
00000000 : 30 30 30 30 30 30 30 30                            00000000
文件2(HEX) : 
00000000 : 38 66 63 35 30 30 30 30                            8fc50000

第[13 / 13]行 - 第[0]个字符开始有差异：
        ----------
        0         
        0123456789
        ----------
文件1 : 00000000<CR>
文件2 : 8fc60004<CR>
文件1(HEX) : 
00000000 : 30 30 30 30 30 30 30 30                            00000000
文件2(HEX) : 
00000000 : 38 66 63 36 30 30 30 34                            8fc60004

第[14 / 14]行 - 第[2]个字符开始有差异：
        ----------
        0         
        0123456789
        ----------
文件1 : 00000000<CR>
文件2 : 00a63820<CR>
文件1(HEX) : 
00000000 : 30 30 30 30 30 30 30 30                            00000000
文件2(HEX) : 
00000000 : 30 30 61 36 33 38 32 30                            00a63820

第[16 / 16]行 - 第[0]个字符开始有差异：
        ----------
        0         
        0123456789
        ----------
文件1 : 00000000<CR>
文件2 : ffffffff<EOF>
文件1(HEX) : 
00000000 : 30 30 30 30 30 30 30 30                            00000000
文件2(HEX) : 
00000000 : 66 66 66 66 66 66 66 66                            ffffffff

================================================================================
在指定检查条件下共14行有差异.
阅读提示：
	1、空行用<EMPTY>标出
	2、文件结束用<EOF>标出
	3、两行相同列位置的差异字符用亮色标出
	4、每行中的CR/LF/VT/BS/BEL用X标出(方便看清隐含字符)
	5、每行尾的多余的字符用亮色标出，CR/LF/VT/BS/BEL用亮色X标出(方便看清隐含字符)
	6、每行最后用<CR>标出(方便看清隐含字符)
	7、中文因为编码问题，差异位置可能报在后半个汉字上，但整个汉字都亮色标出
================================================================================

==================================================================================

-----------------------------
RUNNING TEST: test_scripts/testdata/104_pizza_tower_test.hex.txt
-----------------------------
# End time: 18:52:53 on Apr 01,2026, Elapsed time: 0:00:06
