Reading D:/modelism/tcl/vsim/pref.tcl

# 10.4c

# do run_cpu_tests.do
# ./piplineCPU
# piplineCPU/pipelineCPU.srcs/sources_1/new/ADD.v piplineCPU/pipelineCPU.srcs/sources_1/new/ADD.v piplineCPU/pipelineCPU.srcs/sources_1/new/Asynchronous_D_FF.v piplineCPU/pipelineCPU.srcs/sources_1/new/Asynchronous_D_FF.v piplineCPU/pipelineCPU.srcs/sources_1/new/II.v piplineCPU/pipelineCPU.srcs/sources_1/new/II.v piplineCPU/pipelineCPU.srcs/sources_1/new/IMEM_top.v piplineCPU/pipelineCPU.srcs/sources_1/new/IMEM_top.v piplineCPU/pipelineCPU.srcs/sources_1/new/LLbit_reg.v piplineCPU/pipelineCPU.srcs/sources_1/new/LLbit_reg.v piplineCPU/pipelineCPU.srcs/sources_1/new/PipeDEreg.v piplineCPU/pipelineCPU.srcs/sources_1/new/PipeDEreg.v piplineCPU/pipelineCPU.srcs/sources_1/new/PipeEMreg.v piplineCPU/pipelineCPU.srcs/sources_1/new/PipeEMreg.v piplineCPU/pipelineCPU.srcs/sources_1/new/PipeEXE.v piplineCPU/pipelineCPU.srcs/sources_1/new/PipeEXE.v piplineCPU/pipelineCPU.srcs/sources_1/new/PipeID.v piplineCPU/pipelineCPU.srcs/sources_1/new/PipeID.v piplineCPU/pipelineCPU.srcs/sources_1/new/PipeIF.v piplineCPU/pipelineCPU.srcs/sources_1/new/PipeIF.v piplineCPU/pipelineCPU.srcs/sources_1/new/PipeIR.v piplineCPU/pipelineCPU.srcs/sources_1/new/PipeIR.v piplineCPU/pipelineCPU.srcs/sources_1/new/PipeMEM.v piplineCPU/pipelineCPU.srcs/sources_1/new/PipeMEM.v piplineCPU/pipelineCPU.srcs/sources_1/new/PipeMWreg.v piplineCPU/pipelineCPU.srcs/sources_1/new/PipeMWreg.v piplineCPU/pipelineCPU.srcs/sources_1/new/PipeWB.v piplineCPU/pipelineCPU.srcs/sources_1/new/PipeWB.v piplineCPU/pipelineCPU.srcs/sources_1/new/alu.v piplineCPU/pipelineCPU.srcs/sources_1/new/alu.v piplineCPU/pipelineCPU.srcs/sources_1/new/clo.v piplineCPU/pipelineCPU.srcs/sources_1/new/clo.v piplineCPU/pipelineCPU.srcs/sources_1/new/clz.v piplineCPU/pipelineCPU.srcs/sources_1/new/clz.v piplineCPU/pipelineCPU.srcs/sources_1/new/complement.v piplineCPU/pipelineCPU.srcs/sources_1/new/complement.v piplineCPU/pipelineCPU.srcs/sources_1/new/cp0.v piplineCPU/pipelineCPU.srcs/sources_1/new/cp0.v piplineCPU/pipelineCPU.srcs/sources_1/new/cpmem.v 
# piplineCPU/pipelineCPU.srcs/sources_1/new/cpmem.v piplineCPU/pipelineCPU.srcs/sources_1/new/cpu.v piplineCPU/pipelineCPU.srcs/sources_1/new/cpu.v piplineCPU/pipelineCPU.srcs/sources_1/new/cu.v piplineCPU/pipelineCPU.srcs/sources_1/new/cu.v piplineCPU/pipelineCPU.srcs/sources_1/new/decoder.v piplineCPU/pipelineCPU.srcs/sources_1/new/decoder.v piplineCPU/pipelineCPU.srcs/sources_1/new/direct.v piplineCPU/pipelineCPU.srcs/sources_1/new/direct.v piplineCPU/pipelineCPU.srcs/sources_1/new/div.v piplineCPU/pipelineCPU.srcs/sources_1/new/div.v piplineCPU/pipelineCPU.srcs/sources_1/new/divider.v piplineCPU/pipelineCPU.srcs/sources_1/new/divider.v piplineCPU/pipelineCPU.srcs/sources_1/new/extend.v piplineCPU/pipelineCPU.srcs/sources_1/new/extend.v piplineCPU/pipelineCPU.srcs/sources_1/new/hi_lo_function.v piplineCPU/pipelineCPU.srcs/sources_1/new/hi_lo_function.v piplineCPU/pipelineCPU.srcs/sources_1/new/memory.v piplineCPU/pipelineCPU.srcs/sources_1/new/memory.v piplineCPU/pipelineCPU.srcs/sources_1/new/mult.v piplineCPU/pipelineCPU.srcs/sources_1/new/mult.v piplineCPU/pipelineCPU.srcs/sources_1/new/mux.v piplineCPU/pipelineCPU.srcs/sources_1/new/mux.v piplineCPU/pipelineCPU.srcs/sources_1/new/npc.v piplineCPU/pipelineCPU.srcs/sources_1/new/npc.v piplineCPU/pipelineCPU.srcs/sources_1/new/pcreg.v piplineCPU/pipelineCPU.srcs/sources_1/new/pcreg.v piplineCPU/pipelineCPU.srcs/sources_1/new/predictor.v piplineCPU/pipelineCPU.srcs/sources_1/new/predictor.v piplineCPU/pipelineCPU.srcs/sources_1/new/regfile.v piplineCPU/pipelineCPU.srcs/sources_1/new/regfile.v piplineCPU/pipelineCPU.srcs/sources_1/new/sccomp_dataflow.v piplineCPU/pipelineCPU.srcs/sources_1/new/sccomp_dataflow.v piplineCPU/pipelineCPU.srcs/sources_1/new/seg7x16.v piplineCPU/pipelineCPU.srcs/sources_1/new/seg7x16.v piplineCPU/pipelineCPU.srcs/sources_1/new/top.v piplineCPU/pipelineCPU.srcs/sources_1/new/top.v
# ./piplineCPU/pipelineCPU.srcs/sim_1/new/cpu_tb.v
# ./test_scripts/testdata
# ./test_scripts/results
# ./piplineCPU/pipelineCPU.srcs/sources_1/new/IMEM_top.v
# 20
# test
# 0
# test_scripts/testdata/101_swlwbnebeq.hex.txt test_scripts/testdata/102_regconflict.hex.txt test_scripts/testdata/103_regconflict_detected_2.hex.txt test_scripts/testdata/104_pizza_tower_test.hex.txt test_scripts/testdata/10_and.hex.txt test_scripts/testdata/11_beq.hex.txt test_scripts/testdata/12_bne.hex.txt test_scripts/testdata/13_j.hex.txt test_scripts/testdata/14_jal.hex.txt test_scripts/testdata/15_jr.hex.txt test_scripts/testdata/16.26_lwsw.hex.txt test_scripts/testdata/16.26_lwsw2.hex.txt test_scripts/testdata/17_xor.hex.txt test_scripts/testdata/18_nor.hex.txt test_scripts/testdata/19_or.hex.txt test_scripts/testdata/1_addi.hex.txt test_scripts/testdata/20_sll.hex.txt test_scripts/testdata/21_sllv.hex.txt test_scripts/testdata/22_sltu.hex.txt test_scripts/testdata/23_sra.hex.txt test_scripts/testdata/24_srl.hex.txt test_scripts/testdata/25_subu.hex.txt test_scripts/testdata/27_add.hex.txt test_scripts/testdata/28_sub.hex.txt test_scripts/testdata/29_slt.hex.txt test_scripts/testdata/2_addiu.hex.txt test_scripts/testdata/30_srlv.hex.txt test_scripts/testdata/31_srav.hex.txt test_scripts/testdata/32_clz.hex.txt test_scripts/testdata/33_divu.hex.txt test_scripts/testdata/35_jalr.hex.txt test_scripts/testdata/36.39_lbsb.hex.txt test_scripts/testdata/36.39_lbsb2.hex.txt test_scripts/testdata/37_lbu.hex.txt test_scripts/testdata/37_lbu2.hex.txt test_scripts/testdata/38_lhu.hex.txt test_scripts/testdata/38_lhu2.hex.txt test_scripts/testdata/3_andi.hex.txt test_scripts/testdata/40.41_lhsh.hex.txt test_scripts/testdata/40.41_lhsh2.hex.txt test_scripts/testdata/42.45_mfc0mtc0.hex.txt test_scripts/testdata/43.46_mfhi.mthi.hex.txt test_scripts/testdata/44.47_mflo.mtlo.hex.txt test_scripts/testdata/48_mult.hex.txt test_scripts/testdata/49_multu.hex.txt test_scripts/testdata/4_ori.hex.txt test_scripts/testdata/52_bgez.hex.txt test_scripts/testdata/54_div.hex.txt test_scripts/testdata/55_cp0.hex.txt test_scripts/testdata/5_sltiu.hex.txt test_scripts/testdata/6_lui.hex.txt test_scripts/testdata/7_xori.hex.txt 
# test_scripts/testdata/8_slti.hex.txt test_scripts/testdata/9_addu.hex.txt
Found 54 test files to run:
  - test_scripts/testdata/101_swlwbnebeq.hex.txt
  - test_scripts/testdata/102_regconflict.hex.txt
  - test_scripts/testdata/103_regconflict_detected_2.hex.txt
  - test_scripts/testdata/104_pizza_tower_test.hex.txt
  - test_scripts/testdata/10_and.hex.txt
  - test_scripts/testdata/11_beq.hex.txt
  - test_scripts/testdata/12_bne.hex.txt
  - test_scripts/testdata/13_j.hex.txt
  - test_scripts/testdata/14_jal.hex.txt
  - test_scripts/testdata/15_jr.hex.txt
  - test_scripts/testdata/16.26_lwsw.hex.txt
  - test_scripts/testdata/16.26_lwsw2.hex.txt
  - test_scripts/testdata/17_xor.hex.txt
  - test_scripts/testdata/18_nor.hex.txt
  - test_scripts/testdata/19_or.hex.txt
  - test_scripts/testdata/1_addi.hex.txt
  - test_scripts/testdata/20_sll.hex.txt
  - test_scripts/testdata/21_sllv.hex.txt
  - test_scripts/testdata/22_sltu.hex.txt
  - test_scripts/testdata/23_sra.hex.txt
  - test_scripts/testdata/24_srl.hex.txt
  - test_scripts/testdata/25_subu.hex.txt
  - test_scripts/testdata/27_add.hex.txt
  - test_scripts/testdata/28_sub.hex.txt
  - test_scripts/testdata/29_slt.hex.txt
  - test_scripts/testdata/2_addiu.hex.txt
  - test_scripts/testdata/30_srlv.hex.txt
  - test_scripts/testdata/31_srav.hex.txt
  - test_scripts/testdata/32_clz.hex.txt
  - test_scripts/testdata/33_divu.hex.txt
  - test_scripts/testdata/35_jalr.hex.txt
  - test_scripts/testdata/36.39_lbsb.hex.txt
  - test_scripts/testdata/36.39_lbsb2.hex.txt
  - test_scripts/testdata/37_lbu.hex.txt
  - test_scripts/testdata/37_lbu2.hex.txt
  - test_scripts/testdata/38_lhu.hex.txt
  - test_scripts/testdata/38_lhu2.hex.txt
  - test_scripts/testdata/3_andi.hex.txt
  - test_scripts/testdata/40.41_lhsh.hex.txt
  - test_scripts/testdata/40.41_lhsh2.hex.txt
  - test_scripts/testdata/42.45_mfc0mtc0.hex.txt
  - test_scripts/testdata/43.46_mfhi.mthi.hex.txt
  - test_scripts/testdata/44.47_mflo.mtlo.hex.txt
  - test_scripts/testdata/48_mult.hex.txt
  - test_scripts/testdata/49_multu.hex.txt
  - test_scripts/testdata/4_ori.hex.txt
  - test_scripts/testdata/52_bgez.hex.txt
  - test_scripts/testdata/54_div.hex.txt
  - test_scripts/testdata/55_cp0.hex.txt
  - test_scripts/testdata/5_sltiu.hex.txt
  - test_scripts/testdata/6_lui.hex.txt
  - test_scripts/testdata/7_xori.hex.txt
  - test_scripts/testdata/8_slti.hex.txt
  - test_scripts/testdata/9_addu.hex.txt

# 54
# 0
Starting batch simulation for 54 tests...

-----------------------------
RUNNING TEST: test_scripts/testdata/101_swlwbnebeq.hex.txt
-----------------------------
# vsim -quiet work.test 
# Start time: 18:50:36 on Apr 01,2026
# //  ModelSim PE 10.4c Jul 20 2015 
# //
# //  Copyright 1991-2015 Mentor Graphics Corporation
# //  All Rights Reserved.
# //
# //  THIS WORK CONTAINS TRADE SECRET AND PROPRIETARY INFORMATION
# //  WHICH IS THE PROPERTY OF MENTOR GRAPHICS CORPORATION OR ITS
# //  LICENSORS AND IS SUBJECT TO LICENSE TERMS.
# //  THIS DOCUMENT CONTAINS TRADE SECRETS AND COMMERCIAL OR FINANCIAL
# //  INFORMATION THAT ARE PRIVILEGED, CONFIDENTIAL, AND EXEMPT FROM
# //  DISCLOSURE UNDER THE FREEDOM OF INFORMATION ACT, 5 U.S.C. SECTION 552.
# //  FURTHERMORE, THIS INFORMATION IS PROHIBITED FROM DISCLOSURE UNDER
# //  THE TRADE SECRETS ACT, 18 U.S.C. SECTION 1905.
# //
# ** Warning: (vsim-3017) piplineCPU/pipelineCPU.srcs/sources_1/new/PipeID.v(205): [TFMPC] - Too few port connections. Expected 42, found 9.
#    Time: 0 ps  Iteration: 0  Instance: /test/uut/sccpu/ID/REGFILE File: piplineCPU/pipelineCPU.srcs/sources_1/new/regfile.v
# ** Warning: (vsim-3722) piplineCPU/pipelineCPU.srcs/sources_1/new/PipeID.v(205): [TFMPC] - Missing connection for port 'rd'.
# ** Warning: (vsim-3722) piplineCPU/pipelineCPU.srcs/sources_1/new/PipeID.v(205): [TFMPC] - Missing connection for port 'regfile0'.
# ** Warning: (vsim-3722) piplineCPU/pipelineCPU.srcs/sources_1/new/PipeID.v(205): [TFMPC] - Missing connection for port 'regfile1'.
# ** Warning: (vsim-3722) piplineCPU/pipelineCPU.srcs/sources_1/new/PipeID.v(205): [TFMPC] - Missing connection for port 'regfile2'.
# ** Warning: (vsim-3722) piplineCPU/pipelineCPU.srcs/sources_1/new/PipeID.v(205): [TFMPC] - Missing connection for port 'regfile3'.
# ** Warning: (vsim-3722) piplineCPU/pipelineCPU.srcs/sources_1/new/PipeID.v(205): [TFMPC] - Missing connection for port 'regfile4'.
# ** Warning: (vsim-3722) piplineCPU/pipelineCPU.srcs/sources_1/new/PipeID.v(205): [TFMPC] - Missing connection for port 'regfile5'.
# ** Warning: (vsim-3722) piplineCPU/pipelineCPU.srcs/sources_1/new/PipeID.v(205): [TFMPC] - Missing connection for port 'regfile6'.
# ** Warning: (vsim-3722) piplineCPU/pipelineCPU.srcs/sources_1/new/PipeID.v(205): [TFMPC] - Missing connection for port 'regfile7'.
# ** Warning: (vsim-3722) piplineCPU/pipelineCPU.srcs/sources_1/new/PipeID.v(205): [TFMPC] - Missing connection for port 'regfile8'.
# ** Warning: (vsim-3722) piplineCPU/pipelineCPU.srcs/sources_1/new/PipeID.v(205): [TFMPC] - Missing connection for port 'regfile9'.
# ** Warning: (vsim-3722) piplineCPU/pipelineCPU.srcs/sources_1/new/PipeID.v(205): [TFMPC] - Missing connection for port 'regfile10'.
# ** Warning: (vsim-3722) piplineCPU/pipelineCPU.srcs/sources_1/new/PipeID.v(205): [TFMPC] - Missing connection for port 'regfile11'.
# ** Warning: (vsim-3722) piplineCPU/pipelineCPU.srcs/sources_1/new/PipeID.v(205): [TFMPC] - Missing connection for port 'regfile12'.
# ** Warning: (vsim-3722) piplineCPU/pipelineCPU.srcs/sources_1/new/PipeID.v(205): [TFMPC] - Missing connection for port 'regfile13'.
# ** Warning: (vsim-3722) piplineCPU/pipelineCPU.srcs/sources_1/new/PipeID.v(205): [TFMPC] - Missing connection for port 'regfile14'.
# ** Warning: (vsim-3722) piplineCPU/pipelineCPU.srcs/sources_1/new/PipeID.v(205): [TFMPC] - Missing connection for port 'regfile15'.
# ** Warning: (vsim-3722) piplineCPU/pipelineCPU.srcs/sources_1/new/PipeID.v(205): [TFMPC] - Missing connection for port 'regfile16'.
# ** Warning: (vsim-3722) piplineCPU/pipelineCPU.srcs/sources_1/new/PipeID.v(205): [TFMPC] - Missing connection for port 'regfile17'.
# ** Warning: (vsim-3722) piplineCPU/pipelineCPU.srcs/sources_1/new/PipeID.v(205): [TFMPC] - Missing connection for port 'regfile18'.
# ** Warning: (vsim-3722) piplineCPU/pipelineCPU.srcs/sources_1/new/PipeID.v(205): [TFMPC] - Missing connection for port 'regfile19'.
# ** Warning: (vsim-3722) piplineCPU/pipelineCPU.srcs/sources_1/new/PipeID.v(205): [TFMPC] - Missing connection for port 'regfile20'.
# ** Warning: (vsim-3722) piplineCPU/pipelineCPU.srcs/sources_1/new/PipeID.v(205): [TFMPC] - Missing connection for port 'regfile21'.
# ** Warning: (vsim-3722) piplineCPU/pipelineCPU.srcs/sources_1/new/PipeID.v(205): [TFMPC] - Missing connection for port 'regfile22'.
# ** Warning: (vsim-3722) piplineCPU/pipelineCPU.srcs/sources_1/new/PipeID.v(205): [TFMPC] - Missing connection for port 'regfile23'.
# ** Warning: (vsim-3722) piplineCPU/pipelineCPU.srcs/sources_1/new/PipeID.v(205): [TFMPC] - Missing connection for port 'regfile24'.
# ** Warning: (vsim-3722) piplineCPU/pipelineCPU.srcs/sources_1/new/PipeID.v(205): [TFMPC] - Missing connection for port 'regfile25'.
# ** Warning: (vsim-3722) piplineCPU/pipelineCPU.srcs/sources_1/new/PipeID.v(205): [TFMPC] - Missing connection for port 'regfile26'.
# ** Warning: (vsim-3722) piplineCPU/pipelineCPU.srcs/sources_1/new/PipeID.v(205): [TFMPC] - Missing connection for port 'regfile27'.
# ** Warning: (vsim-3722) piplineCPU/pipelineCPU.srcs/sources_1/new/PipeID.v(205): [TFMPC] - Missing connection for port 'regfile28'.
# ** Warning: (vsim-3722) piplineCPU/pipelineCPU.srcs/sources_1/new/PipeID.v(205): [TFMPC] - Missing connection for port 'regfile29'.
# ** Warning: (vsim-3722) piplineCPU/pipelineCPU.srcs/sources_1/new/PipeID.v(205): [TFMPC] - Missing connection for port 'regfile30'.
# ** Warning: (vsim-3722) piplineCPU/pipelineCPU.srcs/sources_1/new/PipeID.v(205): [TFMPC] - Missing connection for port 'regfile31'.
# ** Warning: (vsim-3017) piplineCPU/pipelineCPU.srcs/sources_1/new/PipeEXE.v(84): [TFMPC] - Too few port connections. Expected 5, found 4.
#    Time: 0 ps  Iteration: 0  Instance: /test/uut/sccpu/EXE/DIV File: piplineCPU/pipelineCPU.srcs/sources_1/new/div.v
# ** Warning: (vsim-3722) piplineCPU/pipelineCPU.srcs/sources_1/new/PipeEXE.v(84): [TFMPC] - Missing connection for port 'valid'.
# ** Warning: (vsim-3017) piplineCPU/pipelineCPU.srcs/sources_1/new/PipeEXE.v(90): [TFMPC] - Too few port connections. Expected 5, found 4.
#    Time: 0 ps  Iteration: 0  Instance: /test/uut/sccpu/EXE/DIVU File: piplineCPU/pipelineCPU.srcs/sources_1/new/div.v
# ** Warning: (vsim-3722) piplineCPU/pipelineCPU.srcs/sources_1/new/PipeEXE.v(90): [TFMPC] - Missing connection for port 'valid'.
# ** Warning: (vsim-3015) piplineCPU/pipelineCPU.srcs/sources_1/new/sccomp_dataflow.v(40): [PCDPC] - Port size (11) does not match connection size (12) for port 'a'. The port definition is at: ./piplineCPU/pipelineCPU.srcs/sources_1/new/IMEM_top.v(7).
#    Time: 0 ps  Iteration: 0  Instance: /test/uut/IMEM File: ./piplineCPU/pipelineCPU.srcs/sources_1/new/IMEM_top.v
# ** Note: $stop    : ./piplineCPU/pipelineCPU.srcs/sim_1/new/cpu_tb.v(92)
#    Time: 2900 ps  Iteration: 1  Instance: /test
# Break in Module test at ./piplineCPU/pipelineCPU.srcs/sim_1/new/cpu_tb.v line 92
# Stopped at ./piplineCPU/pipelineCPU.srcs/sim_1/new/cpu_tb.v line 92
Saved simulation result to: ./test_scripts/results/101_swlwbnebeq_sim_result.txt
Standard test result copied to: ./test_scripts/results/101_swlwbnebeq_std_result.txt
# ** Error: unknown encoding "gbk"
# Error in macro ./run_cpu_tests.do line 231
# unknown encoding "gbk"
#     while executing
# "fconfigure $comp_fid -encoding gbk"
#     (procedure "run_single_test" line 109)
#     invoked from within
# "run_single_test $test_file $results_dir"
#     ("foreach" body line 2)
#     invoked from within
# "foreach test_file $test_files {
#     set result [run_single_test $test_file $results_dir]
#     if {$result == 1} {
#         incr pass_count
#     }
# }"
#  quit
# End time: 18:50:43 on Apr 01,2026, Elapsed time: 0:00:07
# Errors: 3, Warnings: 39
